[2026-07-21 12:12:39] 🚀 Starting Autonomous CI/CD Integration & Build Cycle...
[2026-07-21 12:12:41] ✅ Kernel Compilation Succeeded with 0 Errors!
[2026-07-21 12:12:41] 📦 Kernel Executable Binary Size: 116784 bytes
[2026-07-21 12:12:41] 🔄 Uncommitted changes detected. Committing and pushing to GitHub...
[2026-07-21 12:12:42] 🌐 GitHub Direct Sync Complete!
[2026-07-21 12:12:50] ♾️ Starting Infinite Background Build Daemon Loop...
[2026-07-21 12:12:50] 🚀 Executing Autonomous CI/CD Build Cycle...
[2026-07-21 12:12:52] ✅ Kernel Compilation Succeeded with 0 Errors!
[2026-07-21 12:12:52] 📦 Kernel Binary Executable Size: 116784 bytes
[2026-07-21 12:12:52] 🔄 Code changes detected. Committing and pushing to GitHub...
[2026-07-21 12:12:53] 🌐 GitHub Direct Sync Complete!
[2026-07-21 12:15:18] 🚀 Executing Autonomous CI/CD Build Cycle...
[2026-07-21 12:15:20] ✅ Kernel Compilation Succeeded with 0 Errors!
[2026-07-21 12:15:20] 📦 Kernel Binary Executable Size: 116784 bytes
[2026-07-21 12:15:20] 🔄 Code changes detected. Committing and pushing to GitHub...
[2026-07-21 12:15:21] 🌐 GitHub Direct Sync Complete!
[2026-07-21 12:15:51] 🚀 Executing Autonomous CI/CD Build Cycle...
[2026-07-21 12:15:54] ❌ Kernel Compilation Failed!
[2026-07-21 12:15:54] kernel/arch/x86/boot.c: In function ‘_kernel_entry’:
kernel/arch/x86/boot.c:140:14: warning: unused variable ‘mem_upper’ [-Wunused-variable]
  140 |     uint32_t mem_upper = mboot_ptr->mem_upper;
      |              ^~~~~~~~~
kernel/arch/x86/boot.c:139:14: warning: unused variable ‘mem_lower’ [-Wunused-variable]
  139 |     uint32_t mem_lower = mboot_ptr->mem_lower;
      |              ^~~~~~~~~
kernel/arch/x86/boot.c: At top level:
kernel/arch/x86/boot.c:46:17: warning: ‘multiboot_header’ defined but not used [-Wunused-variable]
   46 | static uint32_t multiboot_header[] = {
      |                 ^~~~~~~~~~~~~~~~
ld: warning: build/kernel.bin has a LOAD segment with RWX permissions
ld: build/ktest.o: in function `run_kernel_test_suite':
ktest.c:(.text+0xa90): undefined reference to `ext4_validate_extent_header'
ld: ktest.c:(.text+0xae8): undefined reference to `sb16_init'
ld: ktest.c:(.text+0xbca): undefined reference to `aes256_encrypt_block'
make: *** [Makefile:118: build/kernel.bin] Error 1

[2026-07-21 12:16:24] 🚀 Executing Autonomous CI/CD Build Cycle...
[2026-07-21 12:16:26] ❌ Kernel Compilation Failed!
[2026-07-21 12:16:26] kernel/arch/x86/boot.c: In function ‘_kernel_entry’:
kernel/arch/x86/boot.c:140:14: warning: unused variable ‘mem_upper’ [-Wunused-variable]
  140 |     uint32_t mem_upper = mboot_ptr->mem_upper;
      |              ^~~~~~~~~
kernel/arch/x86/boot.c:139:14: warning: unused variable ‘mem_lower’ [-Wunused-variable]
  139 |     uint32_t mem_lower = mboot_ptr->mem_lower;
      |              ^~~~~~~~~
kernel/arch/x86/boot.c: At top level:
kernel/arch/x86/boot.c:46:17: warning: ‘multiboot_header’ defined but not used [-Wunused-variable]
   46 | static uint32_t multiboot_header[] = {
      |                 ^~~~~~~~~~~~~~~~
ld: warning: build/kernel.bin has a LOAD segment with RWX permissions
ld: build/ktest.o: in function `run_kernel_test_suite':
ktest.c:(.text+0xa90): undefined reference to `ext4_validate_extent_header'
ld: ktest.c:(.text+0xae8): undefined reference to `sb16_init'
ld: ktest.c:(.text+0xbca): undefined reference to `aes256_encrypt_block'
make: *** [Makefile:118: build/kernel.bin] Error 1

[2026-07-21 12:16:56] 🚀 Executing Autonomous CI/CD Build Cycle...
[2026-07-21 12:16:58] ❌ Kernel Compilation Failed!
[2026-07-21 12:16:58] kernel/arch/x86/boot.c: In function ‘_kernel_entry’:
kernel/arch/x86/boot.c:140:14: warning: unused variable ‘mem_upper’ [-Wunused-variable]
  140 |     uint32_t mem_upper = mboot_ptr->mem_upper;
      |              ^~~~~~~~~
kernel/arch/x86/boot.c:139:14: warning: unused variable ‘mem_lower’ [-Wunused-variable]
  139 |     uint32_t mem_lower = mboot_ptr->mem_lower;
      |              ^~~~~~~~~
kernel/arch/x86/boot.c: At top level:
kernel/arch/x86/boot.c:46:17: warning: ‘multiboot_header’ defined but not used [-Wunused-variable]
   46 | static uint32_t multiboot_header[] = {
      |                 ^~~~~~~~~~~~~~~~
ld: warning: build/kernel.bin has a LOAD segment with RWX permissions
ld: build/ktest.o: in function `run_kernel_test_suite':
ktest.c:(.text+0xa90): undefined reference to `ext4_validate_extent_header'
ld: ktest.c:(.text+0xae8): undefined reference to `sb16_init'
ld: ktest.c:(.text+0xbca): undefined reference to `aes256_encrypt_block'
make: *** [Makefile:118: build/kernel.bin] Error 1

[2026-07-21 12:17:28] 🚀 Executing Autonomous CI/CD Build Cycle...
[2026-07-21 12:17:30] ✅ Kernel Compilation Succeeded with 0 Errors!
[2026-07-21 12:17:30] 📦 Kernel Binary Executable Size: 118760 bytes
[2026-07-21 12:17:30] 🔄 Code changes detected. Committing and pushing to GitHub...
[2026-07-21 12:17:31] 🌐 GitHub Direct Sync Complete!
[2026-07-21 12:18:01] 🚀 Executing Autonomous CI/CD Build Cycle...
[2026-07-21 12:18:04] ✅ Kernel Compilation Succeeded with 0 Errors!
[2026-07-21 12:18:04] 📦 Kernel Binary Executable Size: 118760 bytes
[2026-07-21 12:18:04] 🔄 Code changes detected. Committing and pushing to GitHub...
[2026-07-21 12:18:05] 🌐 GitHub Direct Sync Complete!
[2026-07-21 12:18:35] 🚀 Executing Autonomous CI/CD Build Cycle...
[2026-07-21 12:18:37] ✅ Kernel Compilation Succeeded with 0 Errors!
[2026-07-21 12:18:37] 📦 Kernel Binary Executable Size: 118760 bytes
[2026-07-21 12:18:37] 🔄 Code changes detected. Committing and pushing to GitHub...
[2026-07-21 12:18:38] 🌐 GitHub Direct Sync Complete!
[2026-07-21 12:22:24] 🚀 Executing Autonomous CI/CD Build Cycle...
[2026-07-21 12:22:27] ✅ Kernel Compilation Succeeded with 0 Errors!
[2026-07-21 12:22:27] 📦 Kernel Binary Executable Size: 118760 bytes
[2026-07-21 12:22:27] 🔄 Code changes detected. Committing and pushing to GitHub...
[2026-07-21 12:22:28] 🌐 GitHub Direct Sync Complete!
[2026-07-21 12:22:58] 🚀 Executing Autonomous CI/CD Build Cycle...
[2026-07-21 12:23:00] ❌ Kernel Compilation Failed!
[2026-07-21 12:23:00] kernel/arch/x86/boot.c: In function ‘_kernel_entry’:
kernel/arch/x86/boot.c:140:14: warning: unused variable ‘mem_upper’ [-Wunused-variable]
  140 |     uint32_t mem_upper = mboot_ptr->mem_upper;
      |              ^~~~~~~~~
kernel/arch/x86/boot.c:139:14: warning: unused variable ‘mem_lower’ [-Wunused-variable]
  139 |     uint32_t mem_lower = mboot_ptr->mem_lower;
      |              ^~~~~~~~~
kernel/arch/x86/boot.c: At top level:
kernel/arch/x86/boot.c:46:17: warning: ‘multiboot_header’ defined but not used [-Wunused-variable]
   46 | static uint32_t multiboot_header[] = {
      |                 ^~~~~~~~~~~~~~~~
ld: warning: build/kernel.bin has a LOAD segment with RWX permissions
ld: build/ktest.o: in function `run_kernel_test_suite':
ktest.c:(.text+0x97e): undefined reference to `hypervisor_init'
ld: ktest.c:(.text+0x9de): undefined reference to `dns_lookup'
ld: ktest.c:(.text+0xa3e): undefined reference to `run_system_benchmark'
make: *** [Makefile:122: build/kernel.bin] Error 1

[2026-07-21 12:23:30] 🚀 Executing Autonomous CI/CD Build Cycle...
[2026-07-21 12:23:32] ❌ Kernel Compilation Failed!
[2026-07-21 12:23:32] kernel/arch/x86/boot.c: In function ‘_kernel_entry’:
kernel/arch/x86/boot.c:140:14: warning: unused variable ‘mem_upper’ [-Wunused-variable]
  140 |     uint32_t mem_upper = mboot_ptr->mem_upper;
      |              ^~~~~~~~~
kernel/arch/x86/boot.c:139:14: warning: unused variable ‘mem_lower’ [-Wunused-variable]
  139 |     uint32_t mem_lower = mboot_ptr->mem_lower;
      |              ^~~~~~~~~
kernel/arch/x86/boot.c: At top level:
kernel/arch/x86/boot.c:46:17: warning: ‘multiboot_header’ defined but not used [-Wunused-variable]
   46 | static uint32_t multiboot_header[] = {
      |                 ^~~~~~~~~~~~~~~~
ld: warning: build/kernel.bin has a LOAD segment with RWX permissions
ld: build/ktest.o: in function `run_kernel_test_suite':
ktest.c:(.text+0x97e): undefined reference to `hypervisor_init'
ld: ktest.c:(.text+0x9de): undefined reference to `dns_lookup'
ld: ktest.c:(.text+0xa3e): undefined reference to `run_system_benchmark'
make: *** [Makefile:122: build/kernel.bin] Error 1

[2026-07-21 12:24:02] 🚀 Executing Autonomous CI/CD Build Cycle...
[2026-07-21 12:24:05] ❌ Kernel Compilation Failed!
[2026-07-21 12:24:05] kernel/arch/x86/boot.c: In function ‘_kernel_entry’:
kernel/arch/x86/boot.c:140:14: warning: unused variable ‘mem_upper’ [-Wunused-variable]
  140 |     uint32_t mem_upper = mboot_ptr->mem_upper;
      |              ^~~~~~~~~
kernel/arch/x86/boot.c:139:14: warning: unused variable ‘mem_lower’ [-Wunused-variable]
  139 |     uint32_t mem_lower = mboot_ptr->mem_lower;
      |              ^~~~~~~~~
kernel/arch/x86/boot.c: At top level:
kernel/arch/x86/boot.c:46:17: warning: ‘multiboot_header’ defined but not used [-Wunused-variable]
   46 | static uint32_t multiboot_header[] = {
      |                 ^~~~~~~~~~~~~~~~
ld: warning: build/kernel.bin has a LOAD segment with RWX permissions
ld: build/ktest.o: in function `run_kernel_test_suite':
ktest.c:(.text+0x97e): undefined reference to `hypervisor_init'
ld: ktest.c:(.text+0x9de): undefined reference to `dns_lookup'
ld: ktest.c:(.text+0xa3e): undefined reference to `run_system_benchmark'
make: *** [Makefile:122: build/kernel.bin] Error 1

[2026-07-21 12:24:35] 🚀 Executing Autonomous CI/CD Build Cycle...
[2026-07-21 12:24:37] ✅ Kernel Compilation Succeeded with 0 Errors!
[2026-07-21 12:24:37] 📦 Kernel Binary Executable Size: 124288 bytes
[2026-07-21 12:24:37] 🔄 Code changes detected. Committing and pushing to GitHub...
[2026-07-21 12:24:39] 🌐 GitHub Direct Sync Complete!
[2026-07-21 12:25:09] 🚀 Executing Autonomous CI/CD Build Cycle...
[2026-07-21 12:25:11] ✅ Kernel Compilation Succeeded with 0 Errors!
[2026-07-21 12:25:11] 📦 Kernel Binary Executable Size: 124288 bytes
[2026-07-21 12:25:11] 🔄 Code changes detected. Committing and pushing to GitHub...
[2026-07-21 12:25:12] 🌐 GitHub Direct Sync Complete!
[2026-07-21 12:25:42] 🚀 Executing Autonomous CI/CD Build Cycle...
[2026-07-21 12:25:45] ✅ Kernel Compilation Succeeded with 0 Errors!
[2026-07-21 12:25:45] 📦 Kernel Binary Executable Size: 124288 bytes
[2026-07-21 12:25:45] 🔄 Code changes detected. Committing and pushing to GitHub...
[2026-07-21 12:25:46] 🌐 GitHub Direct Sync Complete!
[2026-07-21 12:26:16] 🚀 Executing Autonomous CI/CD Build Cycle...
[2026-07-21 12:26:19] ✅ Kernel Compilation Succeeded with 0 Errors!
[2026-07-21 12:26:19] 📦 Kernel Binary Executable Size: 124288 bytes
[2026-07-21 12:26:19] 🔄 Code changes detected. Committing and pushing to GitHub...
[2026-07-21 12:28:05] ✅ Kernel Compilation Succeeded with 0 Errors!
[2026-07-21 12:28:05] 📦 Kernel Binary Executable Size: 124288 bytes
[2026-07-21 12:28:05] 🔄 Code changes detected. Committing and pushing to GitHub...
[2026-07-21 12:28:05] ⚠️ Git sync notice: Command '['git', 'push', 'origin', 'main']' returned non-zero exit status 1.
[2026-07-21 12:28:35] 🚀 Executing Autonomous CI/CD Build Cycle...
[2026-07-21 12:28:38] ✅ Kernel Compilation Succeeded with 0 Errors!
[2026-07-21 12:28:38] 📦 Kernel Binary Executable Size: 124288 bytes
[2026-07-21 12:28:38] 🔄 Code changes detected. Committing and pushing to GitHub...
[2026-07-21 12:32:41] ✅ Kernel Compilation Succeeded with 0 Errors!
[2026-07-21 12:32:41] 📦 Kernel Binary Executable Size: 127000 bytes
[2026-07-21 12:32:41] 🔄 Code changes detected. Committing and pushing to GitHub...
[2026-07-21 12:40:27] ✅ Kernel Compilation Succeeded with 0 Errors!
[2026-07-21 12:40:27] 📦 Kernel Binary Executable Size: 127664 bytes
[2026-07-21 12:40:27] 🔄 Code changes detected. Committing and pushing to GitHub...
[2026-07-21 12:40:27] ⚠️ Git sync notice: Command '['git', 'commit', '-m', 'Auto-Build CI/CD Daemon: Verified compilation, QA tests & GitHub sync']' died with <Signals.SIGPIPE: 13>.
[2026-07-21 12:40:30] 🚀 Executing Autonomous CI/CD Build Cycle...
[2026-07-21 12:40:33] ✅ Kernel Compilation Succeeded with 0 Errors!
[2026-07-21 12:40:33] 📦 Kernel Binary Executable Size: 127664 bytes
[2026-07-21 12:40:33] 🔄 Code changes detected. Committing and pushing to GitHub...
[2026-07-21 12:40:34] 🌐 GitHub Direct Sync Complete!
[2026-07-21 12:58:15] 🚀 Executing Autonomous CI/CD Build Cycle...
[2026-07-21 12:58:17] ✅ Kernel Compilation Succeeded with 0 Errors!
[2026-07-21 12:58:17] 📦 Kernel Binary Executable Size: 127664 bytes
[2026-07-21 12:58:17] 🔄 Code changes detected. Committing and pushing to GitHub...
[2026-07-21 12:58:17] ⚠️ Git sync notice: Command '['git', 'commit', '-m', 'Auto-Build CI/CD Daemon: Verified compilation, QA tests & GitHub sync']' died with <Signals.SIGPIPE: 13>.
[2026-07-21 12:58:21] 🚀 Executing Autonomous CI/CD Build Cycle...
[2026-07-21 12:58:24] ✅ Kernel Compilation Succeeded with 0 Errors!
[2026-07-21 12:58:24] 📦 Kernel Binary Executable Size: 127664 bytes
[2026-07-21 12:58:24] 🔄 Code changes detected. Committing and pushing to GitHub...
[2026-07-21 12:58:26] 🌐 GitHub Direct Sync Complete!
[2026-07-21 12:58:47] 🚀 Executing Autonomous CI/CD Build Cycle...
[2026-07-21 12:58:50] ❌ Kernel Compilation Failed!
[2026-07-21 12:58:50] kernel/arch/x86/boot.c: In function ‘_kernel_entry’:
kernel/arch/x86/boot.c:140:14: warning: unused variable ‘mem_upper’ [-Wunused-variable]
  140 |     uint32_t mem_upper = mboot_ptr->mem_upper;
      |              ^~~~~~~~~
kernel/arch/x86/boot.c:139:14: warning: unused variable ‘mem_lower’ [-Wunused-variable]
  139 |     uint32_t mem_lower = mboot_ptr->mem_lower;
      |              ^~~~~~~~~
kernel/arch/x86/boot.c: At top level:
kernel/arch/x86/boot.c:46:17: warning: ‘multiboot_header’ defined but not used [-Wunused-variable]
   46 | static uint32_t multiboot_header[] = {
      |                 ^~~~~~~~~~~~~~~~
ld: cannot find build/main.o: No such file or directory
ld: cannot find build/boot.o: No such file or directory
ld: cannot find build/keyboard.o: No such file or directory
ld: cannot find build/heap.o: No such file or directory
ld: cannot find build/idt.o: No such file or directory
ld: cannot find build/serial.o: No such file or directory
ld: cannot find build/rtc.o: No such file or directory
ld: cannot find build/vfs.o: No such file or directory
ld: cannot find build/fat.o: No such file or directory
ld: cannot find build/ext2.o: No such file or directory
ld: cannot find build/ext4.o: No such file or directory
ld: cannot find build/iso9660.o: No such file or directory
ld: cannot find build/vga_graphics.o: No such file or directory
ld: cannot find build/vga_mode13.o: No such file or directory
ld: cannot find build/wm.o: No such file or directory
ld: cannot find build/calc.o: No such file or directory
ld: cannot find build/paint.o: No such file or directory
ld: cannot find build/editor.o: No such file or directory
ld: cannot find build/pkg.o: No such file or directory
ld: cannot find build/benchmark.o: No such file or directory
ld: cannot find build/prof.o: No such file or directory
ld: cannot find build/distro.o: No such file or directory
ld: cannot find build/sound.o: No such file or directory
ld: cannot find build/sb16.o: No such file or directory
ld: cannot find build/ansi.o: No such file or directory
ld: cannot find build/pci.o: No such file or directory
ld: cannot find build/e1000.o: No such file or directory
ld: cannot find build/vbe.o: No such file or directory
ld: cannot find build/ahci.o: No such file or directory
ld: cannot find build/acpi.o: No such file or directory
ld: cannot find build/apic.o: No such file or directory
ld: cannot find build/usb.o: No such file or directory
ld: cannot find build/rtl8139.o: No such file or directory
ld: cannot find build/shm.o: No such file or directory
ld: cannot find build/hda.o: No such file or directory
ld: cannot find build/nvme.o: No such file or directory
ld: cannot find build/vt.o: No such file or directory
ld: cannot find build/socket.o: No such file or directory
ld: cannot find build/http.o: No such file or directory
ld: cannot find build/dns.o: No such file or directory
make: *** [Makefile:132: build/kernel.bin] Error 1

[2026-07-21 12:58:56] 🚀 Executing Autonomous CI/CD Build Cycle...
[2026-07-21 12:58:58] ✅ Kernel Compilation Succeeded with 0 Errors!
[2026-07-21 12:58:58] 📦 Kernel Binary Executable Size: 129156 bytes
[2026-07-21 12:58:58] 🔄 Code changes detected. Committing and pushing to GitHub...
[2026-07-21 12:58:59] 🌐 GitHub Direct Sync Complete!
[2026-07-21 13:03:16] 🚀 Executing Autonomous CI/CD Build Cycle...
[2026-07-21 13:03:18] ✅ Kernel Compilation Succeeded with 0 Errors!
[2026-07-21 13:03:18] 📦 Kernel Binary Executable Size: 129156 bytes
[2026-07-21 13:03:18] 🔄 Code changes detected. Committing and pushing to GitHub...
[2026-07-21 13:03:18] ⚠️ Git sync notice: Command '['git', 'commit', '-m', 'Auto-Build CI/CD Daemon: Verified compilation, QA tests & GitHub sync']' died with <Signals.SIGPIPE: 13>.
[2026-07-21 13:03:25] 🚀 Executing Autonomous CI/CD Build Cycle...
[2026-07-21 13:03:28] ✅ Kernel Compilation Succeeded with 0 Errors!
[2026-07-21 13:03:28] 📦 Kernel Binary Executable Size: 129156 bytes
[2026-07-21 13:03:28] 🔄 Code changes detected. Committing and pushing to GitHub...
[2026-07-21 13:03:29] 🌐 GitHub Direct Sync Complete!
[2026-07-21 13:03:48] 🚀 Executing Autonomous CI/CD Build Cycle...
[2026-07-21 13:03:51] ❌ Kernel Compilation Failed!
[2026-07-21 13:03:51] kernel/arch/x86/boot.c: In function ‘_kernel_entry’:
kernel/arch/x86/boot.c:140:14: warning: unused variable ‘mem_upper’ [-Wunused-variable]
  140 |     uint32_t mem_upper = mboot_ptr->mem_upper;
      |              ^~~~~~~~~
kernel/arch/x86/boot.c:139:14: warning: unused variable ‘mem_lower’ [-Wunused-variable]
  139 |     uint32_t mem_lower = mboot_ptr->mem_lower;
      |              ^~~~~~~~~
kernel/arch/x86/boot.c: At top level:
kernel/arch/x86/boot.c:46:17: warning: ‘multiboot_header’ defined but not used [-Wunused-variable]
   46 | static uint32_t multiboot_header[] = {
      |                 ^~~~~~~~~~~~~~~~
kernel/gui/sysmon.c: In function ‘sysmon_app_launch’:
kernel/gui/sysmon.c:51:14: warning: variable ‘row_buf’ set but not used [-Wunused-but-set-variable]
   51 |         char row_buf[64];
      |              ^~~~~~~
ld: warning: build/kernel.bin has a LOAD segment with RWX permissions
ld: build/sysmon.o: in function `sysmon_app_launch':
sysmon.c:(.text+0x146): undefined reference to `vga13_draw_line'
ld: build/fexplorer.o: in function `fexplorer_app_launch':
fexplorer.c:(.text+0xf8): undefined reference to `vga13_draw_line'
make: *** [Makefile:136: build/kernel.bin] Error 1

[2026-07-21 13:03:59] 🚀 Executing Autonomous CI/CD Build Cycle...
[2026-07-21 13:04:02] ❌ Kernel Compilation Failed!
[2026-07-21 13:04:02] kernel/arch/x86/boot.c: In function ‘_kernel_entry’:
kernel/arch/x86/boot.c:140:14: warning: unused variable ‘mem_upper’ [-Wunused-variable]
  140 |     uint32_t mem_upper = mboot_ptr->mem_upper;
      |              ^~~~~~~~~
kernel/arch/x86/boot.c:139:14: warning: unused variable ‘mem_lower’ [-Wunused-variable]
  139 |     uint32_t mem_lower = mboot_ptr->mem_lower;
      |              ^~~~~~~~~
kernel/arch/x86/boot.c: At top level:
kernel/arch/x86/boot.c:46:17: warning: ‘multiboot_header’ defined but not used [-Wunused-variable]
   46 | static uint32_t multiboot_header[] = {
      |                 ^~~~~~~~~~~~~~~~
kernel/gui/sysmon.c: In function ‘sysmon_app_launch’:
kernel/gui/sysmon.c:51:14: warning: variable ‘row_buf’ set but not used [-Wunused-but-set-variable]
   51 |         char row_buf[64];
      |              ^~~~~~~
ld: warning: build/kernel.bin has a LOAD segment with RWX permissions
ld: build/sysmon.o: in function `sysmon_app_launch':
sysmon.c:(.text+0x146): undefined reference to `vga13_draw_line'
ld: build/fexplorer.o: in function `fexplorer_app_launch':
fexplorer.c:(.text+0xf8): undefined reference to `vga13_draw_line'
make: *** [Makefile:136: build/kernel.bin] Error 1

[2026-07-21 13:04:21] 🚀 Executing Autonomous CI/CD Build Cycle...
[2026-07-21 13:04:23] ✅ Kernel Compilation Succeeded with 0 Errors!
[2026-07-21 13:04:23] 📦 Kernel Binary Executable Size: 135176 bytes
[2026-07-21 13:04:23] 🔄 Code changes detected. Committing and pushing to GitHub...
